GROUP,PACKAGE,CLASS,INSTRUCTION_MISSED,INSTRUCTION_COVERED,BRANCH_MISSED,BRANCH_COVERED,LINE_MISSED,LINE_COVERED,COMPLEXITY_MISSED,COMPLEXITY_COVERED,METHOD_MISSED,METHOD_COVERED
Proyecto file,ies.puerto.modelo.file.implementacion.fileXml,FileXml,38,48,0,0,10,14,4,3,4,3
Proyecto file,ies.puerto.modelo.file.implementacion.fileCsv,FileCsv,14,202,4,12,8,41,4,12,0,8
Proyecto file,ies.puerto.modelo.entity,Personaje,19,153,7,11,7,43,7,18,1,15
Proyecto file,ies.puerto.modelo.entity,PersonajeList,7,9,0,0,3,5,2,2,2,2
Proyecto file,ies.puerto.modelo.entity,PoderList,16,0,0,0,8,0,4,0,4,0
Proyecto file,ies.puerto.modelo.file.abstractas,FileAbs,3,22,4,4,1,4,4,2,0,2
