GROUP,PACKAGE,CLASS,INSTRUCTION_MISSED,INSTRUCTION_COVERED,BRANCH_MISSED,BRANCH_COVERED,LINE_MISSED,LINE_COVERED,COMPLEXITY_MISSED,COMPLEXITY_COVERED,METHOD_MISSED,METHOD_COVERED
Proyecto file,ies.puerto.modelo.file.implementacion.fileXml,FileXml,31,55,0,0,10,14,4,3,4,3
Proyecto file,ies.puerto.modelo.file.implementacion.fileCsv,FileCsv,24,192,5,11,10,39,5,11,0,8
Proyecto file,ies.puerto.modelo.entity,Personaje,11,161,6,12,4,46,5,20,0,16
Proyecto file,ies.puerto.modelo.entity,PersonajeList,4,12,0,0,2,6,1,3,1,3
Proyecto file,ies.puerto.modelo.entity,PoderList,10,0,0,0,4,0,3,0,3,0
Proyecto file,ies.puerto.modelo.file.abstractas,FileAbs,3,22,4,4,1,4,4,2,0,2
