<?xml version="1.0" encoding="UTF-8"?>
<testsuite xmlns:xsi="http://www.w3.org/2001/XMLSchema-instance" xsi:noNamespaceSchemaLocation="https://maven.apache.org/surefire/maven-surefire-plugin/xsd/surefire-test-report-3.0.xsd" version="3.0" name="ies.puerto.modelo.FileXMLTest" time="0.398" tests="5" errors="0" skipped="0" failures="1">
  <properties>
[...]
</properties>
  <testcase name="actualizarPersonaTest" classname="ies.puerto.modelo.FileXMLTest" time="0.335"/>
  <testcase name="añadirPersona" classname="ies.puerto.modelo.FileXMLTest" time="0.026"/>
  <testcase name="ObternerPersonaTest" classname="ies.puerto.modelo.FileXMLTest" time="0.01">
    <failure type="org.opentest4j.AssertionFailedError"><![CDATA[org.opentest4j.AssertionFailedError: El resultado no es el esperado ==> expected: <28> but was: <99>
	at ies.puerto.modelo.FileXMLTest.ObternerPersonaTest(FileXMLTest.java:32)
]]></failure>
  </testcase>
  <testcase name="EliminarPersonaTest" classname="ies.puerto.modelo.FileXMLTest" time="0.014"/>
  <testcase name="notNull" classname="ies.puerto.modelo.FileXMLTest" time="0.005"/>
</testsuite>